#
# There is insufficient memory for the Java Runtime Environment to continue.
# Native memory allocation (malloc) failed to allocate 843536 bytes for Chunk::new
# Possible reasons:
#   The system is out of physical RAM or swap space
#   In 32 bit mode, the process size limit was hit
# Possible solutions:
#   Reduce memory load on the system
#   Increase physical memory or swap space
#   Check if swap backing store is full
#   Use 64 bit Java on a 64 bit OS
#   Decrease Java heap size (-Xmx/-Xms)
#   Decrease number of Java threads
#   Decrease Java thread stack sizes (-Xss)
#   Set larger code cache with -XX:ReservedCodeCacheSize=
# This output file may be truncated or incomplete.
#
#  Out of Memory Error (allocation.cpp:390), pid=5672, tid=9092
#
# JRE version: Java(TM) SE Runtime Environment (8.0_60-b27) (build 1.8.0_60-b27)
# Java VM: Java HotSpot(TM) 64-Bit Server VM (25.60-b23 mixed mode windows-amd64 compressed oops)
# Failed to write core dump. Minidumps are not enabled by default on client versions of Windows
#

---------------  T H R E A D  ---------------

Current thread (0x00000000146a7000):  JavaThread "C2 CompilerThread1" daemon [_thread_in_native, id=9092, stack(0x0000000015ef0000,0x0000000015ff0000)]

Stack: [0x0000000015ef0000,0x0000000015ff0000]
[error occurred during error reporting (printing stack bounds), id 0xc0000005]

Native frames: (J=compiled Java code, j=interpreted, Vv=VM code, C=native code)


Current CompileTask:
C2:  18117 1942       4       com.android.dx.ssa.SsaMethod::convertRopToSsaBlocks (103 bytes)


---------------  P R O C E S S  ---------------

Java Threads: ( => current thread )
  0x00000000164d6000 JavaThread "pool-1-thread-4" [_thread_in_vm, id=5904, stack(0x0000000016af0000,0x0000000016bf0000)]
  0x00000000164d4800 JavaThread "pool-1-thread-3" [_thread_in_Java, id=5384, stack(0x00000000169f0000,0x0000000016af0000)]
  0x00000000164d3000 JavaThread "pool-1-thread-2" [_thread_in_Java, id=8796, stack(0x00000000168f0000,0x00000000169f0000)]
  0x00000000164ce800 JavaThread "pool-2-thread-1" [_thread_blocked, id=6424, stack(0x00000000167f0000,0x00000000168f0000)]
  0x000000001640c000 JavaThread "pool-1-thread-1" [_thread_blocked, id=8584, stack(0x00000000166f0000,0x00000000167f0000)]
  0x00000000160f3800 JavaThread "Service Thread" daemon [_thread_blocked, id=7976, stack(0x00000000164f0000,0x00000000165f0000)]
  0x00000000146aa000 JavaThread "C1 CompilerThread2" daemon [_thread_blocked, id=8188, stack(0x0000000015ff0000,0x00000000160f0000)]
=>0x00000000146a7000 JavaThread "C2 CompilerThread1" daemon [_thread_in_native, id=9092, stack(0x0000000015ef0000,0x0000000015ff0000)]
  0x000000001464e000 JavaThread "C2 CompilerThread0" daemon [_thread_in_native, id=988, stack(0x0000000015df0000,0x0000000015ef0000)]
  0x000000001464c000 JavaThread "Attach Listener" daemon [_thread_blocked, id=5068, stack(0x0000000015cf0000,0x0000000015df0000)]
  0x000000001464a800 JavaThread "Signal Dispatcher" daemon [_thread_blocked, id=8756, stack(0x0000000015bf0000,0x0000000015cf0000)]
  0x0000000001ef6000 JavaThread "Finalizer" daemon [_thread_blocked, id=7824, stack(0x00000000158a0000,0x00000000159a0000)]
  0x0000000001eed000 JavaThread "Reference Handler" daemon [_thread_blocked, id=8128, stack(0x00000000157a0000,0x00000000158a0000)]
  0x0000000001f7d800 JavaThread "main" [_thread_blocked, id=3436, stack(0x0000000001cf0000,0x0000000001df0000)]

Other Threads:
  0x0000000014617800 VMThread [stack: 0x00000000156a0000,0x00000000157a0000] [id=6260]
  0x0000000016100000 WatcherThread [stack: 0x00000000165f0000,0x00000000166f0000] [id=7540]

VM state:not at safepoint (normal execution)

VM Mutex/Monitor currently owned by a thread: None

Heap:
 PSYoungGen      total 61952K, used 28399K [0x00000000eab00000, 0x00000000eec00000, 0x0000000100000000)
  eden space 57344K, 41% used [0x00000000eab00000,0x00000000ec2411e0,0x00000000ee300000)
  from space 4608K, 99% used [0x00000000ee300000,0x00000000ee77aad8,0x00000000ee780000)
  to   space 4608K, 0% used [0x00000000ee780000,0x00000000ee780000,0x00000000eec00000)
 ParOldGen       total 76800K, used 12180K [0x00000000c0000000, 0x00000000c4b00000, 0x00000000eab00000)
  object space 76800K, 15% used [0x00000000c0000000,0x00000000c0be52e0,0x00000000c4b00000)
 Metaspace       used 6278K, capacity 7216K, committed 7296K, reserved 1056768K
  class space    used 594K, capacity 616K, committed 640K, reserved 1048576K

Card table byte_map: [0x0000000011340000,0x0000000011550000] byte_map_base: 0x0000000010d40000

Marking Bits: (ParMarkBitMap*) 0x000000005942a5b0
 Begin Bits: [0x0000000011ab0000, 0x0000000012ab0000)
 End Bits:   [0x0000000012ab0000, 0x0000000013ab0000)

Polling page: 0x0000000000500000

CodeCache: size=245760Kb used=9309Kb max_used=9330Kb free=236450Kb
 bounds [0x0000000001f80000, 0x00000000028b0000, 0x0000000010f80000]
 total_blobs=2218 nmethods=1954 adapters=177
 compilation: enabled

Compilation events (10 events):
Event: 17.838 Thread 0x00000000146aa000 1971       3       com.android.dx.dex.code.RopTranslator::access$600 (6 bytes)
Event: 17.838 Thread 0x00000000146aa000 nmethod 1971 0x00000000028969d0 code [0x0000000002896b40, 0x0000000002896ca8]
Event: 17.838 Thread 0x00000000146aa000 1972       3       com.android.dx.cf.code.LocalVariableList$Item::access$000 (5 bytes)
Event: 17.839 Thread 0x00000000146aa000 nmethod 1972 0x0000000002896d50 code [0x0000000002896ea0, 0x0000000002896ff0]
Event: 17.839 Thread 0x00000000146aa000 1973       3       com.android.dx.cf.code.LocalVariableList$Item::withSignature (29 bytes)
Event: 17.839 Thread 0x00000000146aa000 nmethod 1973 0x0000000002897090 code [0x0000000002897200, 0x0000000002897408]
Event: 18.029 Thread 0x000000001464e000 nmethod 1930 0x000000000289d150 code [0x000000000289d620, 0x00000000028a04c8]
Event: 18.031 Thread 0x000000001464e000 1966       4       com.android.dx.rop.code.RegisterSpecSet::mutableCopy (57 bytes)
Event: 18.049 Thread 0x000000001464e000 nmethod 1966 0x0000000002899390 code [0x0000000002899520, 0x0000000002899a58]
Event: 18.050 Thread 0x000000001464e000 1968   !   4       com.android.dx.cf.code.RopperMachine::run (1581 bytes)

GC Heap History (6 events):
Event: 5.257 GC heap before
{Heap before GC invocations=1 (full 0):
 PSYoungGen      total 33280K, used 28672K [0x00000000eab00000, 0x00000000ed000000, 0x0000000100000000)
  eden space 28672K, 100% used [0x00000000eab00000,0x00000000ec700000,0x00000000ec700000)
  from space 4608K, 0% used [0x00000000ecb80000,0x00000000ecb80000,0x00000000ed000000)
  to   space 4608K, 0% used [0x00000000ec700000,0x00000000ec700000,0x00000000ecb80000)
 ParOldGen       total 76800K, used 0K [0x00000000c0000000, 0x00000000c4b00000, 0x00000000eab00000)
  object space 76800K, 0% used [0x00000000c0000000,0x00000000c0000000,0x00000000c4b00000)
 Metaspace       used 5865K, capacity 6896K, committed 7040K, reserved 1056768K
  class space    used 588K, capacity 616K, committed 640K, reserved 1048576K
Event: 5.759 GC heap after
Heap after GC invocations=1 (full 0):
 PSYoungGen      total 33280K, used 4599K [0x00000000eab00000, 0x00000000eec00000, 0x0000000100000000)
  eden space 28672K, 0% used [0x00000000eab00000,0x00000000eab00000,0x00000000ec700000)
  from space 4608K, 99% used [0x00000000ec700000,0x00000000ecb7dec8,0x00000000ecb80000)
  to   space 4608K, 0% used [0x00000000ee780000,0x00000000ee780000,0x00000000eec00000)
 ParOldGen       total 76800K, used 141K [0x00000000c0000000, 0x00000000c4b00000, 0x00000000eab00000)
  object space 76800K, 0% used [0x00000000c0000000,0x00000000c00237d8,0x00000000c4b00000)
 Metaspace       used 5865K, capacity 6896K, committed 7040K, reserved 1056768K
  class space    used 588K, capacity 616K, committed 640K, reserved 1048576K
}
Event: 8.800 GC heap before
{Heap before GC invocations=2 (full 0):
 PSYoungGen      total 33280K, used 33271K [0x00000000eab00000, 0x00000000eec00000, 0x0000000100000000)
  eden space 28672K, 100% used [0x00000000eab00000,0x00000000ec700000,0x00000000ec700000)
  from space 4608K, 99% used [0x00000000ec700000,0x00000000ecb7dec8,0x00000000ecb80000)
  to   space 4608K, 0% used [0x00000000ee780000,0x00000000ee780000,0x00000000eec00000)
 ParOldGen       total 76800K, used 141K [0x00000000c0000000, 0x00000000c4b00000, 0x00000000eab00000)
  object space 76800K, 0% used [0x00000000c0000000,0x00000000c00237d8,0x00000000c4b00000)
 Metaspace       used 6081K, capacity 7088K, committed 7296K, reserved 1056768K
  class space    used 594K, capacity 616K, committed 640K, reserved 1048576K
Event: 9.203 GC heap after
Heap after GC invocations=2 (full 0):
 PSYoungGen      total 61952K, used 4586K [0x00000000eab00000, 0x00000000eec00000, 0x0000000100000000)
  eden space 57344K, 0% used [0x00000000eab00000,0x00000000eab00000,0x00000000ee300000)
  from space 4608K, 99% used [0x00000000ee780000,0x00000000eebfab18,0x00000000eec00000)
  to   space 4608K, 0% used [0x00000000ee300000,0x00000000ee300000,0x00000000ee780000)
 ParOldGen       total 76800K, used 3309K [0x00000000c0000000, 0x00000000c4b00000, 0x00000000eab00000)
  object space 76800K, 4% used [0x00000000c0000000,0x00000000c033b620,0x00000000c4b00000)
 Metaspace       used 6081K, capacity 7088K, committed 7296K, reserved 1056768K
  class space    used 594K, capacity 616K, committed 640K, reserved 1048576K
}
Event: 17.019 GC heap before
{Heap before GC invocations=3 (full 0):
 PSYoungGen      total 61952K, used 61930K [0x00000000eab00000, 0x00000000eec00000, 0x0000000100000000)
  eden space 57344K, 100% used [0x00000000eab00000,0x00000000ee300000,0x00000000ee300000)
  from space 4608K, 99% used [0x00000000ee780000,0x00000000eebfab18,0x00000000eec00000)
  to   space 4608K, 0% used [0x00000000ee300000,0x00000000ee300000,0x00000000ee780000)
 ParOldGen       total 76800K, used 3309K [0x00000000c0000000, 0x00000000c4b00000, 0x00000000eab00000)
  object space 76800K, 4% used [0x00000000c0000000,0x00000000c033b620,0x00000000c4b00000)
 Metaspace       used 6201K, capacity 7152K, committed 7296K, reserved 1056768K
  class space    used 594K, capacity 616K, committed 640K, reserved 1048576K
Event: 17.207 GC heap after
Heap after GC invocations=3 (full 0):
 PSYoungGen      total 61952K, used 4586K [0x00000000eab00000, 0x00000000eec00000, 0x0000000100000000)
  eden space 57344K, 0% used [0x00000000eab00000,0x00000000eab00000,0x00000000ee300000)
  from space 4608K, 99% used [0x00000000ee300000,0x00000000ee77aad8,0x00000000ee780000)
  to   space 4608K, 0% used [0x00000000ee780000,0x00000000ee780000,0x00000000eec00000)
 ParOldGen       total 76800K, used 12180K [0x00000000c0000000, 0x00000000c4b00000, 0x00000000eab00000)
  object space 76800K, 15% used [0x00000000c0000000,0x00000000c0be52e0,0x00000000c4b00000)
 Metaspace       used 6201K, capacity 7152K, committed 7296K, reserved 1056768K
  class space    used 594K, capacity 616K, committed 640K, reserved 1048576K
}

Deoptimization events (10 events):
Event: 17.699 Thread 0x00000000164d6000 Uncommon trap: reason=unstable_if action=reinterpret pc=0x00000000027d24f4 method=com.android.dx.rop.code.RegisterSpec.equals(ILcom/android/dx/rop/type/TypeBearer;Lcom/android/dx/rop/code/LocalItem;)Z @ 42
Event: 17.728 Thread 0x00000000164d3000 Uncommon trap: reason=bimorphic action=maybe_recompile pc=0x00000000025dd160 method=com.android.dx.cf.code.RopperMachine.run(Lcom/android/dx/cf/code/Frame;II)V @ 988
Event: 17.733 Thread 0x00000000164d3000 Uncommon trap: reason=bimorphic action=maybe_recompile pc=0x00000000027e7d94 method=com.android.dx.cf.code.BytecodeArray.parseInstruction(ILcom/android/dx/cf/code/BytecodeArray$Visitor;)I @ 1501
Event: 17.755 Thread 0x00000000164d3000 Uncommon trap: reason=bimorphic action=maybe_recompile pc=0x00000000027e7d94 method=com.android.dx.cf.code.BytecodeArray.parseInstruction(ILcom/android/dx/cf/code/BytecodeArray$Visitor;)I @ 1501
Event: 17.775 Thread 0x00000000164d3000 Uncommon trap: reason=unstable_if action=reinterpret pc=0x00000000024d6558 method=com.android.dx.ssa.SCCP.simulateStmt(Lcom/android/dx/ssa/SsaInsn;)V @ 53
Event: 17.785 Thread 0x00000000164d3000 Uncommon trap: reason=unstable_if action=reinterpret pc=0x000000000237c5fc method=com.android.dx.rop.code.RegisterSpec.equals(ILcom/android/dx/rop/type/TypeBearer;Lcom/android/dx/rop/code/LocalItem;)Z @ 16
Event: 17.803 Thread 0x000000001640c000 Uncommon trap: reason=bimorphic action=maybe_recompile pc=0x00000000027e7d94 method=com.android.dx.cf.code.BytecodeArray.parseInstruction(ILcom/android/dx/cf/code/BytecodeArray$Visitor;)I @ 1501
Event: 17.803 Thread 0x000000001640c000 Uncommon trap: reason=bimorphic action=maybe_recompile pc=0x00000000027e7b30 method=com.android.dx.cf.code.BytecodeArray.parseInstruction(ILcom/android/dx/cf/code/BytecodeArray$Visitor;)I @ 2135
Event: 17.803 Thread 0x000000001640c000 Uncommon trap: reason=bimorphic action=maybe_recompile pc=0x00000000027e7d94 method=com.android.dx.cf.code.BytecodeArray.parseInstruction(ILcom/android/dx/cf/code/BytecodeArray$Visitor;)I @ 1501
Event: 17.831 Thread 0x000000001640c000 Uncommon trap: reason=unstable_if action=reinterpret pc=0x00000000027a2840 method=com.android.dx.rop.code.RegisterSpec.equals(ILcom/android/dx/rop/type/TypeBearer;Lcom/android/dx/rop/code/LocalItem;)Z @ 42

Internal exceptions (4 events):
Event: 0.521 Thread 0x0000000001f7d800 Exception <a 'java/lang/NoSuchMethodError': Method sun.misc.Unsafe.defineClass(Ljava/lang/String;[BII)Ljava/lang/Class; name or signature does not match> (0x00000000eab0da78) thrown at [C:\re\workspace\8-2-build-windows-amd64-cygwin\jdk8u60\4407\hotspot\sr75æ_™ªà?
Event: 0.521 Thread 0x0000000001f7d800 Exception <a 'java/lang/NoSuchMethodError': Method sun.misc.Unsafe.prefetchRead(Ljava/lang/Object;J)V name or signature does not match> (0x00000000eab0dd60) thrown at [C:\re\workspace\8-2-build-windows-amd64-cygwin\jdk8u60\4407\hotspot\src\share\vm\prims\jG¦•;Bâ#@
Event: 9.942 Thread 0x00000000164d4800 Implicit null exception at 0x00000000023e9eeb to 0x00000000023ead91
Event: 13.508 Thread 0x00000000164d6000 Implicit null exception at 0x00000000025af7a2 to 0x00000000025af892

Events (10 events):
Event: 17.803 Thread 0x000000001640c000 Uncommon trap: trap_request=0xffffffc6 fr.pc=0x00000000027e7b30
Event: 17.803 Thread 0x000000001640c000 DEOPT PACKING pc=0x00000000027e7b30 sp=0x00000000167ee7d0
Event: 17.803 Thread 0x000000001640c000 DEOPT UNPACKING pc=0x0000000001fc582a sp=0x00000000167ee7a0 mode 2
Event: 17.803 Thread 0x000000001640c000 Uncommon trap: trap_request=0xffffffc6 fr.pc=0x00000000027e7d94
Event: 17.803 Thread 0x000000001640c000 DEOPT PACKING pc=0x00000000027e7d94 sp=0x00000000167ee8b0
Event: 17.803 Thread 0x000000001640c000 DEOPT UNPACKING pc=0x0000000001fc582a sp=0x00000000167ee870 mode 2
Event: 17.831 Thread 0x000000001640c000 Uncommon trap: trap_request=0xffffff65 fr.pc=0x00000000027a2840
Event: 17.831 Thread 0x000000001640c000 DEOPT PACKING pc=0x00000000027a2840 sp=0x00000000167ee9e0
Event: 17.831 Thread 0x000000001640c000 DEOPT UNPACKING pc=0x0000000001fc582a sp=0x00000000167ee900 mode 2
Event: 18.030 Thread 0x000000001464e000 flushing nmethod 0x000000000208cdd0


Dynamic libraries:
0x00007ff667920000 - 0x00007ff667957000 	C:\Program Files\Java\jdk1.8.0_60\bin\java.exe
0x00007ffd9e1c0000 - 0x00007ffd9e36d000 	C:\Windows\SYSTEM32\ntdll.dll
0x00007ffd9b830000 - 0x00007ffd9b96e000 	C:\Windows\system32\KERNEL32.DLL
0x00007ffd9b3d0000 - 0x00007ffd9b4e5000 	C:\Windows\system32\KERNELBASE.dll
0x00007ffd99c80000 - 0x00007ffd99d0e000 	C:\Windows\system32\apphelp.dll
0x00007ffd6f6b0000 - 0x00007ffd6f703000 	C:\Windows\AppPatch\AppPatch64\AcGenral.DLL
0x00007ffd9bfa0000 - 0x00007ffd9c04a000 	C:\Windows\system32\msvcrt.dll
0x00007ffd9b130000 - 0x00007ffd9b15e000 	C:\Windows\SYSTEM32\SspiCli.dll
0x00007ffd9c330000 - 0x00007ffd9c384000 	C:\Windows\system32\SHLWAPI.dll
0x00007ffd9c390000 - 0x00007ffd9c507000 	C:\Windows\system32\USER32.dll
0x00007ffd9dfe0000 - 0x00007ffd9e174000 	C:\Windows\system32\ole32.dll
0x00007ffd9c520000 - 0x00007ffd9da48000 	C:\Windows\system32\SHELL32.dll
0x00007ffd9a8a0000 - 0x00007ffd9a8c1000 	C:\Windows\SYSTEM32\USERENV.dll
0x00007ffd9bef0000 - 0x00007ffd9bf9a000 	C:\Windows\system32\ADVAPI32.dll
0x00007ffd94260000 - 0x00007ffd9427e000 	C:\Windows\SYSTEM32\MPR.dll
0x00007ffd9bda0000 - 0x00007ffd9bee1000 	C:\Windows\system32\RPCRT4.dll
0x00007ffd9dc70000 - 0x00007ffd9dcc9000 	C:\Windows\SYSTEM32\sechost.dll
0x00007ffd9c110000 - 0x00007ffd9c321000 	C:\Windows\SYSTEM32\combase.dll
0x00007ffd9dce0000 - 0x00007ffd9de2f000 	C:\Windows\system32\GDI32.dll
0x00007ffd9b300000 - 0x00007ffd9b315000 	C:\Windows\SYSTEM32\profapi.dll
0x00007ffd993a0000 - 0x00007ffd99452000 	C:\Windows\SYSTEM32\SHCORE.dll
0x00007ffd9e180000 - 0x00007ffd9e1b6000 	C:\Windows\system32\IMM32.DLL
0x00007ffd9dab0000 - 0x00007ffd9dc02000 	C:\Windows\system32\MSCTF.dll
0x00007ffd98ae0000 - 0x00007ffd98d5a000 	C:\Windows\WinSxS\amd64_microsoft.windows.common-controls_6595b64144ccf1df_6.0.9600.17810_none_6240b9c7ecbd0bda\COMCTL32.dll
0x00000000584f0000 - 0x00000000585c2000 	C:\Program Files\Java\jdk1.8.0_60\jre\bin\msvcr100.dll
0x0000000058c20000 - 0x00000000594a9000 	C:\Program Files\Java\jdk1.8.0_60\jre\bin\server\jvm.dll
0x00007ffd91490000 - 0x00007ffd91499000 	C:\Windows\SYSTEM32\WSOCK32.dll
0x00007ffd986d0000 - 0x00007ffd986f2000 	C:\Windows\SYSTEM32\WINMM.dll
0x00007ffd98700000 - 0x00007ffd9870a000 	C:\Windows\SYSTEM32\VERSION.dll
0x00007ffd9b9f0000 - 0x00007ffd9b9f7000 	C:\Windows\system32\PSAPI.DLL
0x00007ffd9dc10000 - 0x00007ffd9dc6a000 	C:\Windows\system32\WS2_32.dll
0x00007ffd985f0000 - 0x00007ffd9861a000 	C:\Windows\SYSTEM32\WINMMBASE.dll
0x00007ffd9dcd0000 - 0x00007ffd9dcd9000 	C:\Windows\system32\NSI.dll
0x00007ffd9b4f0000 - 0x00007ffd9b53f000 	C:\Windows\SYSTEM32\cfgmgr32.dll
0x00007ffd9a0f0000 - 0x00007ffd9a118000 	C:\Windows\SYSTEM32\DEVOBJ.dll
0x0000000058c10000 - 0x0000000058c1f000 	C:\Program Files\Java\jdk1.8.0_60\jre\bin\verify.dll
0x0000000058be0000 - 0x0000000058c09000 	C:\Program Files\Java\jdk1.8.0_60\jre\bin\java.dll
0x0000000058bc0000 - 0x0000000058bd6000 	C:\Program Files\Java\jdk1.8.0_60\jre\bin\zip.dll

VM Arguments:
jvm_args: -Djava.awt.headless=true -Xmx1024M -Dfile.encoding=windows-1252 -Duser.country=US -Duser.language=en -Duser.variant 
java_command: com.android.dx.command.Main --dex --force-jumbo --num-threads=4 --output C:\Users\eldi\Documents\GitHub\sellfish\app\build\intermediates\pre-dexed\debug\com.android.support-support-compat-26.0.0-alpha1_43083f2428f3664c0c699494638e6297d92653a6.jar C:\Users\eldi\Documents\GitHub\sellfish\app\build\intermediates\exploded-aar\com.android.support\support-compat\26.0.0-alpha1\jars\classes.jar
java_class_path (initial): C:\Users\eldi\AppData\Local\Android\sdk\build-tools\26.0.1\lib\dx.jar
Launcher Type: SUN_STANDARD

Environment Variables:
JAVA_HOME=C:\Program Files\Java\jdk1.8.0_60
PATH=C:\Program Files (x86)\Common Files\Intel\Shared Files\cpp\bin\Intel64;C:\ProgramData\Oracle\Java\javapath;C:\Windows\system32;C:\Windows;C:\Windows\System32\Wbem;C:\Windows\System32\WindowsPowerShell\v1.0\;C:\Program Files (x86)\ATI Technologies\ATI.ACE\Core-Static;C:\Program Files\Java\jdk1.8.0_60\bin;C:\Program Files\nodejs\;C:\Program Files\Microsoft SQL Server\Client SDK\ODBC\110\Tools\Binn\;C:\Program Files (x86)\Microsoft SQL Server\120\Tools\Binn\;C:\Program Files\Microsoft SQL Server\120\Tools\Binn\;C:\Program Files\Microsoft SQL Server\120\DTS\Binn\;C:\Program Files (x86)\Microsoft SQL Server\120\Tools\Binn\ManagementStudio\;C:\Program Files (x86)\Microsoft SQL Server\120\DTS\Binn\;C:\Program Files (x86)\QuickTime\QTSystem\;C:\Program Files\OpenVPN\bin;C:\Program Files (x86)\GtkSharp\2.12\bin;C:\ProgramData\ComposerSetup\bin;C:\xampp7\php;C:\Users\eldi\AppData\Roaming\npm;C:\Users\eldi\AppData\Local\GitHubDesktop\bin;C:\Users\eldi\AppData\Roaming\Composer\vendor\bin
USERNAME=eldi
OS=Windows_NT
PROCESSOR_IDENTIFIER=AMD64 Family 21 Model 48 Stepping 1, AuthenticAMD



---------------  S Y S T E M  ---------------

OS: Windows 8.1 , 64 bit Build 9600 (6.3.9600.17415)

CPU:total 4 (4 cores per cpu, 1 threads per core) family 21 model 48 stepping 1, cmov, cx8, fxsr, mmx, sse, sse2, sse3, ssse3, sse4.1, sse4.2, popcnt, avx, aes, clmul, mmxext, 3dnowpref, lzcnt, sse4a, tsc, tscinvbit, tscinv, bmi1

Memory: 4k page, physical 7268980k(1189536k free), swap 10414708k(5564k free)

vm_info: Java HotSpot(TM) 64-Bit Server VM (25.60-b23) for windows-amd64 JRE (1.8.0_60-b27), built on Aug  4 2015 11:06:27 by "java_re" with MS VC++ 10.0 (VS2010)

time: Fri Nov 17 07:31:27 2017
elapsed time: 18 seconds (0d 0h 0m 18s)

