#
# There is insufficient memory for the Java Runtime Environment to continue.
# Native memory allocation (malloc) failed to allocate 167168 bytes for Chunk::new
# Possible reasons:
#   The system is out of physical RAM or swap space
#   In 32 bit mode, the process size limit was hit
# Possible solutions:
#   Reduce memory load on the system
#   Increase physical memory or swap space
#   Check if swap backing store is full
#   Use 64 bit Java on a 64 bit OS
#   Decrease Java heap size (-Xmx/-Xms)
#   Decrease number of Java threads
#   Decrease Java thread stack sizes (-Xss)
#   Set larger code cache with -XX:ReservedCodeCacheSize=
# This output file may be truncated or incomplete.
#
#  Out of Memory Error (allocation.cpp:390), pid=5152, tid=204
#
# JRE version: Java(TM) SE Runtime Environment (8.0_60-b27) (build 1.8.0_60-b27)
# Java VM: Java HotSpot(TM) 64-Bit Server VM (25.60-b23 mixed mode windows-amd64 compressed oops)
# Failed to write core dump. Minidumps are not enabled by default on client versions of Windows
#

---------------  T H R E A D  ---------------

Current thread (0x0000000014aad000):  JavaThread "C2 CompilerThread0" daemon [_thread_in_native, id=204, stack(0x0000000016250000,0x0000000016350000)]

Stack: [0x0000000016250000,0x0000000016350000]
[error occurred during error reporting (printing stack bounds), id 0xc0000005]

Native frames: (J=compiled Java code, j=interpreted, Vv=VM code, C=native code)


Current CompileTask:
C2:  20564 2149   !   4       com.android.dx.cf.code.BytecodeArray::parseInstruction (2764 bytes)


---------------  P R O C E S S  ---------------

Java Threads: ( => current thread )
  0x0000000016731800 JavaThread "pool-1-thread-4" [_thread_blocked, id=8860, stack(0x0000000016f50000,0x0000000017050000)]
  0x0000000016731000 JavaThread "pool-1-thread-3" [_thread_in_Java, id=9140, stack(0x0000000016e50000,0x0000000016f50000)]
  0x0000000016730000 JavaThread "pool-1-thread-2" [_thread_blocked, id=3856, stack(0x0000000016d50000,0x0000000016e50000)]
  0x000000001672f000 JavaThread "pool-2-thread-1" [_thread_blocked, id=8400, stack(0x0000000016c50000,0x0000000016d50000)]
  0x000000001672c800 JavaThread "pool-1-thread-1" [_thread_blocked, id=408, stack(0x0000000016b50000,0x0000000016c50000)]
  0x000000001646d800 JavaThread "Service Thread" daemon [_thread_blocked, id=9076, stack(0x0000000016950000,0x0000000016a50000)]
  0x0000000016458800 JavaThread "C1 CompilerThread2" daemon [_thread_blocked, id=3256, stack(0x0000000016850000,0x0000000016950000)]
  0x0000000014afe000 JavaThread "C2 CompilerThread1" daemon [_thread_in_native, id=8544, stack(0x0000000016350000,0x0000000016450000)]
=>0x0000000014aad000 JavaThread "C2 CompilerThread0" daemon [_thread_in_native, id=204, stack(0x0000000016250000,0x0000000016350000)]
  0x0000000014aab000 JavaThread "Attach Listener" daemon [_thread_blocked, id=8568, stack(0x0000000016150000,0x0000000016250000)]
  0x0000000014aa9800 JavaThread "Signal Dispatcher" daemon [_thread_blocked, id=4804, stack(0x0000000016050000,0x0000000016150000)]
  0x0000000002326000 JavaThread "Finalizer" daemon [_thread_blocked, id=1384, stack(0x0000000015d00000,0x0000000015e00000)]
  0x000000000231d000 JavaThread "Reference Handler" daemon [_thread_blocked, id=8984, stack(0x0000000015c00000,0x0000000015d00000)]
  0x00000000023dd800 JavaThread "main" [_thread_in_vm, id=8148, stack(0x0000000002100000,0x0000000002200000)]

Other Threads:
  0x0000000014a77800 VMThread [stack: 0x0000000015b00000,0x0000000015c00000] [id=8496]
  0x0000000016473000 WatcherThread [stack: 0x0000000016a50000,0x0000000016b50000] [id=912]

VM state:synchronizing (normal execution)

VM Mutex/Monitor currently owned by a thread:  ([mutex/lock_event])
[0x00000000023dc3c0] Safepoint_lock - owner thread: 0x0000000014a77800
[0x00000000023dc840] Threads_lock - owner thread: 0x0000000014a77800

Heap:
 PSYoungGen      total 119296K, used 19441K [0x00000000eab00000, 0x00000000fb700000, 0x0000000100000000)
  eden space 114688K, 12% used [0x00000000eab00000,0x00000000eb97cd28,0x00000000f1b00000)
  from space 4608K, 99% used [0x00000000f1b00000,0x00000000f1f7f6e0,0x00000000f1f80000)
  to   space 22528K, 0% used [0x00000000fa100000,0x00000000fa100000,0x00000000fb700000)
 ParOldGen       total 76800K, used 37070K [0x00000000c0000000, 0x00000000c4b00000, 0x00000000eab00000)
  object space 76800K, 48% used [0x00000000c0000000,0x00000000c24338a8,0x00000000c4b00000)
 Metaspace       used 6366K, capacity 7224K, committed 7296K, reserved 1056768K
  class space    used 614K, capacity 624K, committed 640K, reserved 1048576K

Card table byte_map: [0x00000000117a0000,0x00000000119b0000] byte_map_base: 0x00000000111a0000

Marking Bits: (ParMarkBitMap*) 0x000000005942a5b0
 Begin Bits: [0x0000000011f10000, 0x0000000012f10000)
 End Bits:   [0x0000000012f10000, 0x0000000013f10000)

Polling page: 0x0000000000760000

CodeCache: size=245760Kb used=9302Kb max_used=9319Kb free=236457Kb
 bounds [0x00000000023e0000, 0x0000000002d10000, 0x00000000113e0000]
 total_blobs=2226 nmethods=1962 adapters=177
 compilation: enabled

Compilation events (10 events):
Event: 19.599 Thread 0x0000000016458800 2148       3       com.android.dx.dex.code.RopTranslator::pickOrder (400 bytes)
Event: 19.604 Thread 0x0000000016458800 nmethod 2148 0x0000000002d018d0 code [0x0000000002d01c00, 0x0000000002d03d18]
Event: 19.641 Thread 0x0000000014aad000 nmethod 2130 0x0000000002d05010 code [0x0000000002d05280, 0x0000000002d065c0]
Event: 19.641 Thread 0x0000000014aad000 2124       4       com.android.dx.cf.code.BasicBlocker::getBlockList (208 bytes)
Event: 19.715 Thread 0x0000000014aad000 nmethod 2124 0x0000000002d07ed0 code [0x0000000002d080e0, 0x0000000002d094e8]
Event: 19.716 Thread 0x0000000014aad000 2143       4       com.android.dx.ssa.SsaBasicBlock::isExitBlock (20 bytes)
Event: 19.719 Thread 0x0000000014aad000 nmethod 2143 0x0000000002502ad0 code [0x0000000002502c00, 0x0000000002502c98]
Event: 19.719 Thread 0x0000000014aad000 2116       4       com.android.dx.dex.code.RopTranslator$TranslationVisitor::visitThrowingCstInsn (246 bytes)
Event: 19.828 Thread 0x0000000014aad000 nmethod 2116 0x0000000002d0aad0 code [0x0000000002d0ad20, 0x0000000002d0c778]
Event: 20.348 Thread 0x0000000014aad000 2149   !   4       com.android.dx.cf.code.BytecodeArray::parseInstruction (2764 bytes)

GC Heap History (10 events):
Event: 3.444 GC heap before
{Heap before GC invocations=1 (full 0):
 PSYoungGen      total 33280K, used 28672K [0x00000000eab00000, 0x00000000ed000000, 0x0000000100000000)
  eden space 28672K, 100% used [0x00000000eab00000,0x00000000ec700000,0x00000000ec700000)
  from space 4608K, 0% used [0x00000000ecb80000,0x00000000ecb80000,0x00000000ed000000)
  to   space 4608K, 0% used [0x00000000ec700000,0x00000000ec700000,0x00000000ecb80000)
 ParOldGen       total 76800K, used 0K [0x00000000c0000000, 0x00000000c4b00000, 0x00000000eab00000)
  object space 76800K, 0% used [0x00000000c0000000,0x00000000c0000000,0x00000000c4b00000)
 Metaspace       used 5915K, capacity 6960K, committed 7040K, reserved 1056768K
  class space    used 592K, capacity 616K, committed 640K, reserved 1048576K
Event: 3.495 GC heap after
Heap after GC invocations=1 (full 0):
 PSYoungGen      total 33280K, used 4600K [0x00000000eab00000, 0x00000000eec00000, 0x0000000100000000)
  eden space 28672K, 0% used [0x00000000eab00000,0x00000000eab00000,0x00000000ec700000)
  from space 4608K, 99% used [0x00000000ec700000,0x00000000ecb7e350,0x00000000ecb80000)
  to   space 4608K, 0% used [0x00000000ee780000,0x00000000ee780000,0x00000000eec00000)
 ParOldGen       total 76800K, used 1111K [0x00000000c0000000, 0x00000000c4b00000, 0x00000000eab00000)
  object space 76800K, 1% used [0x00000000c0000000,0x00000000c0115c78,0x00000000c4b00000)
 Metaspace       used 5915K, capacity 6960K, committed 7040K, reserved 1056768K
  class space    used 592K, capacity 616K, committed 640K, reserved 1048576K
}
Event: 4.520 GC heap before
{Heap before GC invocations=2 (full 0):
 PSYoungGen      total 33280K, used 33272K [0x00000000eab00000, 0x00000000eec00000, 0x0000000100000000)
  eden space 28672K, 100% used [0x00000000eab00000,0x00000000ec700000,0x00000000ec700000)
  from space 4608K, 99% used [0x00000000ec700000,0x00000000ecb7e350,0x00000000ecb80000)
  to   space 4608K, 0% used [0x00000000ee780000,0x00000000ee780000,0x00000000eec00000)
 ParOldGen       total 76800K, used 1111K [0x00000000c0000000, 0x00000000c4b00000, 0x00000000eab00000)
  object space 76800K, 1% used [0x00000000c0000000,0x00000000c0115c78,0x00000000c4b00000)
 Metaspace       used 6056K, capacity 7088K, committed 7296K, reserved 1056768K
  class space    used 592K, capacity 616K, committed 640K, reserved 1048576K
Event: 4.570 GC heap after
Heap after GC invocations=2 (full 0):
 PSYoungGen      total 61952K, used 4606K [0x00000000eab00000, 0x00000000eec00000, 0x0000000100000000)
  eden space 57344K, 0% used [0x00000000eab00000,0x00000000eab00000,0x00000000ee300000)
  from space 4608K, 99% used [0x00000000ee780000,0x00000000eebff8a8,0x00000000eec00000)
  to   space 4608K, 0% used [0x00000000ee300000,0x00000000ee300000,0x00000000ee780000)
 ParOldGen       total 76800K, used 3866K [0x00000000c0000000, 0x00000000c4b00000, 0x00000000eab00000)
  object space 76800K, 5% used [0x00000000c0000000,0x00000000c03c6ba8,0x00000000c4b00000)
 Metaspace       used 6056K, capacity 7088K, committed 7296K, reserved 1056768K
  class space    used 592K, capacity 616K, committed 640K, reserved 1048576K
}
Event: 6.961 GC heap before
{Heap before GC invocations=3 (full 0):
 PSYoungGen      total 61952K, used 61950K [0x00000000eab00000, 0x00000000eec00000, 0x0000000100000000)
  eden space 57344K, 100% used [0x00000000eab00000,0x00000000ee300000,0x00000000ee300000)
  from space 4608K, 99% used [0x00000000ee780000,0x00000000eebff8a8,0x00000000eec00000)
  to   space 4608K, 0% used [0x00000000ee300000,0x00000000ee300000,0x00000000ee780000)
 ParOldGen       total 76800K, used 3866K [0x00000000c0000000, 0x00000000c4b00000, 0x00000000eab00000)
  object space 76800K, 5% used [0x00000000c0000000,0x00000000c03c6ba8,0x00000000c4b00000)
 Metaspace       used 6164K, capacity 7152K, committed 7296K, reserved 1056768K
  class space    used 592K, capacity 616K, committed 640K, reserved 1048576K
Event: 7.313 GC heap after
Heap after GC invocations=3 (full 0):
 PSYoungGen      total 61952K, used 4582K [0x00000000eab00000, 0x00000000f2400000, 0x0000000100000000)
  eden space 57344K, 0% used [0x00000000eab00000,0x00000000eab00000,0x00000000ee300000)
  from space 4608K, 99% used [0x00000000ee300000,0x00000000ee779b30,0x00000000ee780000)
  to   space 4608K, 0% used [0x00000000f1f80000,0x00000000f1f80000,0x00000000f2400000)
 ParOldGen       total 76800K, used 12127K [0x00000000c0000000, 0x00000000c4b00000, 0x00000000eab00000)
  object space 76800K, 15% used [0x00000000c0000000,0x00000000c0bd7c08,0x00000000c4b00000)
 Metaspace       used 6164K, capacity 7152K, committed 7296K, reserved 1056768K
  class space    used 592K, capacity 616K, committed 640K, reserved 1048576K
}
Event: 9.161 GC heap before
{Heap before GC invocations=4 (full 0):
 PSYoungGen      total 61952K, used 61926K [0x00000000eab00000, 0x00000000f2400000, 0x0000000100000000)
  eden space 57344K, 100% used [0x00000000eab00000,0x00000000ee300000,0x00000000ee300000)
  from space 4608K, 99% used [0x00000000ee300000,0x00000000ee779b30,0x00000000ee780000)
  to   space 4608K, 0% used [0x00000000f1f80000,0x00000000f1f80000,0x00000000f2400000)
 ParOldGen       total 76800K, used 12127K [0x00000000c0000000, 0x00000000c4b00000, 0x00000000eab00000)
  object space 76800K, 15% used [0x00000000c0000000,0x00000000c0bd7c08,0x00000000c4b00000)
 Metaspace       used 6201K, capacity 7216K, committed 7296K, reserved 1056768K
  class space    used 593K, capacity 616K, committed 640K, reserved 1048576K
Event: 10.119 GC heap after
Heap after GC invocations=4 (full 0):
 PSYoungGen      total 119296K, used 4579K [0x00000000eab00000, 0x00000000f2400000, 0x0000000100000000)
  eden space 114688K, 0% used [0x00000000eab00000,0x00000000eab00000,0x00000000f1b00000)
  from space 4608K, 99% used [0x00000000f1f80000,0x00000000f23f8f80,0x00000000f2400000)
  to   space 4608K, 0% used [0x00000000f1b00000,0x00000000f1b00000,0x00000000f1f80000)
 ParOldGen       total 76800K, used 21126K [0x00000000c0000000, 0x00000000c4b00000, 0x00000000eab00000)
  object space 76800K, 27% used [0x00000000c0000000,0x00000000c14a1b20,0x00000000c4b00000)
 Metaspace       used 6201K, capacity 7216K, committed 7296K, reserved 1056768K
  class space    used 593K, capacity 616K, committed 640K, reserved 1048576K
}
Event: 19.320 GC heap before
{Heap before GC invocations=5 (full 0):
 PSYoungGen      total 119296K, used 119267K [0x00000000eab00000, 0x00000000f2400000, 0x0000000100000000)
  eden space 114688K, 100% used [0x00000000eab00000,0x00000000f1b00000,0x00000000f1b00000)
  from space 4608K, 99% used [0x00000000f1f80000,0x00000000f23f8f80,0x00000000f2400000)
  to   space 4608K, 0% used [0x00000000f1b00000,0x00000000f1b00000,0x00000000f1f80000)
 ParOldGen       total 76800K, used 21126K [0x00000000c0000000, 0x00000000c4b00000, 0x00000000eab00000)
  object space 76800K, 27% used [0x00000000c0000000,0x00000000c14a1b20,0x00000000c4b00000)
 Metaspace       used 6366K, capacity 7224K, committed 7296K, reserved 1056768K
  class space    used 614K, capacity 624K, committed 640K, reserved 1048576K
Event: 19.558 GC heap after
Heap after GC invocations=5 (full 0):
 PSYoungGen      total 119296K, used 4605K [0x00000000eab00000, 0x00000000fb700000, 0x0000000100000000)
  eden space 114688K, 0% used [0x00000000eab00000,0x00000000eab00000,0x00000000f1b00000)
  from space 4608K, 99% used [0x00000000f1b00000,0x00000000f1f7f6e0,0x00000000f1f80000)
  to   space 22528K, 0% used [0x00000000fa100000,0x00000000fa100000,0x00000000fb700000)
 ParOldGen       total 76800K, used 37070K [0x00000000c0000000, 0x00000000c4b00000, 0x00000000eab00000)
  object space 76800K, 48% used [0x00000000c0000000,0x00000000c24338a8,0x00000000c4b00000)
 Metaspace       used 6366K, capacity 7224K, committed 7296K, reserved 1056768K
  class space    used 614K, capacity 624K, committed 640K, reserved 1048576K
}

Deoptimization events (10 events):
Event: 10.989 Thread 0x00000000023dd800 Uncommon trap: reason=unstable_if action=reinterpret pc=0x0000000002b85934 method=com.android.dx.rop.code.BasicBlockList.preferredSuccessorOf(Lcom/android/dx/rop/code/BasicBlock;)Lcom/android/dx/rop/code/BasicBlock; @ 58
Event: 11.013 Thread 0x0000000016731000 Uncommon trap: reason=bimorphic action=maybe_recompile pc=0x00000000029ae400 method=com.android.dx.ssa.LiteralOpUpgrader.tryReplacingWithConstant(Lcom/android/dx/ssa/NormalSsaInsn;)Z @ 62
Event: 11.028 Thread 0x0000000016730000 Uncommon trap: reason=class_check action=maybe_recompile pc=0x0000000002bb8e24 method=com.android.dx.ssa.SCCP.replaceConstants()V @ 182
Event: 11.036 Thread 0x0000000016730000 Uncommon trap: reason=class_check action=maybe_recompile pc=0x0000000002bb8e24 method=com.android.dx.ssa.SCCP.replaceConstants()V @ 182
Event: 11.055 Thread 0x000000001672c800 Uncommon trap: reason=unstable_if action=reinterpret pc=0x00000000027b1750 method=java.util.HashMap.putVal(ILjava/lang/Object;Ljava/lang/Object;ZZ)Ljava/lang/Object; @ 162
Event: 11.064 Thread 0x000000001672c800 Uncommon trap: reason=unstable_if action=reinterpret pc=0x0000000002b57028 method=java.util.HashMap.getNode(ILjava/lang/Object;)Ljava/util/HashMap$Node; @ 84
Event: 11.309 Thread 0x0000000016731000 Uncommon trap: reason=bimorphic action=maybe_recompile pc=0x00000000029ae400 method=com.android.dx.ssa.LiteralOpUpgrader.tryReplacingWithConstant(Lcom/android/dx/ssa/NormalSsaInsn;)Z @ 62
Event: 11.401 Thread 0x0000000016730000 Uncommon trap: reason=unstable_if action=reinterpret pc=0x0000000002ab06a8 method=java.util.HashMap.resize()[Ljava/util/HashMap$Node; @ 206
Event: 11.569 Thread 0x0000000016731000 Uncommon trap: reason=unstable_if action=reinterpret pc=0x0000000002971b8c method=com.android.dx.ssa.MoveParamCombiner$1.visitNonMoveInsn(Lcom/android/dx/ssa/NormalSsaInsn;)V @ 27
Event: 15.537 Thread 0x0000000016730000 Uncommon trap: reason=unstable_if action=reinterpret pc=0x0000000002b480f0 method=com.android.dx.rop.code.DexTranslationAdvice.hasConstantOperation(Lcom/android/dx/rop/code/Rop;Lcom/android/dx/rop/code/RegisterSpec;Lcom/android/dx/rop/code/RegisterSpec;)Z µÎó6˙%@

Internal exceptions (6 events):
Event: 0.399 Thread 0x00000000023dd800 Exception <a 'java/lang/NoSuchMethodError': Method sun.misc.Unsafe.defineClass(Ljava/lang/String;[BII)Ljava/lang/Class; name or signature does not match> (0x00000000eab0d8f0) thrown at [C:\re\workspace\8-2-build-windows-amd64-cygwin\jdk8u60\4407\hotspot\srõúöL‰èŸ?
Event: 0.399 Thread 0x00000000023dd800 Exception <a 'java/lang/NoSuchMethodError': Method sun.misc.Unsafe.prefetchRead(Ljava/lang/Object;J)V name or signature does not match> (0x00000000eab0dbd8) thrown at [C:\re\workspace\8-2-build-windows-amd64-cygwin\jdk8u60\4407\hotspot\src\share\vm\prims\jÄ,j
@
Event: 4.769 Thread 0x0000000016731800 Implicit null exception at 0x00000000027a5a7a to 0x00000000027a7399
Event: 11.061 Thread 0x000000001672c800 Exception <a 'java/lang/ArrayIndexOutOfBoundsException': 18> (0x00000000ed0d8080) thrown at [C:\re\workspace\8-2-build-windows-amd64-cygwin\jdk8u60\4407\hotspot\src\share\vm\interpreter\interpreterRuntime.cpp, line 366]
Event: 11.062 Thread 0x000000001672c800 Exception <a 'java/lang/ArrayIndexOutOfBoundsException'> (0x00000000ed0d9c00) thrown at [C:\re\workspace\8-2-build-windows-amd64-cygwin\jdk8u60\4407\hotspot\src\share\vm\runtime\sharedRuntime.cpp, line 605]
Event: 11.063 Thread 0x000000001672c800 Exception <a 'java/lang/ArrayIndexOutOfBoundsException'> (0x00000000ed0daee8) thrown at [C:\re\workspace\8-2-build-windows-amd64-cygwin\jdk8u60\4407\hotspot\src\share\vm\runtime\sharedRuntime.cpp, line 605]

Events (10 events):
Event: 19.181 Thread 0x0000000016730000 DEOPT PACKING pc=0x000000000284c646 sp=0x0000000016e4ea60
Event: 19.181 Thread 0x0000000016730000 DEOPT UNPACKING pc=0x000000000242747f sp=0x0000000016e4e8a0 mode 0
Event: 19.188 Thread 0x0000000016730000 DEOPT PACKING pc=0x0000000002887f7d sp=0x0000000016e4ec50
Event: 19.188 Thread 0x0000000016730000 DEOPT UNPACKING pc=0x000000000242747f sp=0x0000000016e4e988 mode 0
Event: 19.201 Executing VM operation: ParallelGCFailedAllocation
Event: 19.558 Executing VM operation: ParallelGCFailedAllocation done
Event: 19.573 Thread 0x0000000016731800 DEOPT PACKING pc=0x0000000002854525 sp=0x000000001704ebc0
Event: 19.573 Thread 0x0000000016731800 DEOPT UNPACKING pc=0x000000000242747f sp=0x000000001704e9a0 mode 0
Event: 19.599 Thread 0x0000000016731000 DEOPT PACKING pc=0x0000000002bb66d8 sp=0x0000000016f4ef20
Event: 19.599 Thread 0x0000000016731000 DEOPT UNPACKING pc=0x000000000242747f sp=0x0000000016f4ec78 mode 0


Dynamic libraries:
0x00007ff667920000 - 0x00007ff667957000 	C:\Program Files\Java\jdk1.8.0_60\bin\java.exe
0x00007ffd9e1c0000 - 0x00007ffd9e36d000 	C:\Windows\SYSTEM32\ntdll.dll
0x00007ffd9b830000 - 0x00007ffd9b96e000 	C:\Windows\system32\KERNEL32.DLL
0x00007ffd9b3d0000 - 0x00007ffd9b4e5000 	C:\Windows\system32\KERNELBASE.dll
0x00007ffd99c80000 - 0x00007ffd99d0e000 	C:\Windows\system32\apphelp.dll
0x00007ffd6f6b0000 - 0x00007ffd6f703000 	C:\Windows\AppPatch\AppPatch64\AcGenral.DLL
0x00007ffd9bfa0000 - 0x00007ffd9c04a000 	C:\Windows\system32\msvcrt.dll
0x00007ffd9b130000 - 0x00007ffd9b15e000 	C:\Windows\SYSTEM32\SspiCli.dll
0x00007ffd9c330000 - 0x00007ffd9c384000 	C:\Windows\system32\SHLWAPI.dll
0x00007ffd9c390000 - 0x00007ffd9c507000 	C:\Windows\system32\USER32.dll
0x00007ffd9dfe0000 - 0x00007ffd9e174000 	C:\Windows\system32\ole32.dll
0x00007ffd9c520000 - 0x00007ffd9da48000 	C:\Windows\system32\SHELL32.dll
0x00007ffd9a8a0000 - 0x00007ffd9a8c1000 	C:\Windows\SYSTEM32\USERENV.dll
0x00007ffd9bef0000 - 0x00007ffd9bf9a000 	C:\Windows\system32\ADVAPI32.dll
0x00007ffd94260000 - 0x00007ffd9427e000 	C:\Windows\SYSTEM32\MPR.dll
0x00007ffd9bda0000 - 0x00007ffd9bee1000 	C:\Windows\system32\RPCRT4.dll
0x00007ffd9dc70000 - 0x00007ffd9dcc9000 	C:\Windows\SYSTEM32\sechost.dll
0x00007ffd9c110000 - 0x00007ffd9c321000 	C:\Windows\SYSTEM32\combase.dll
0x00007ffd9dce0000 - 0x00007ffd9de2f000 	C:\Windows\system32\GDI32.dll
0x00007ffd9b300000 - 0x00007ffd9b315000 	C:\Windows\SYSTEM32\profapi.dll
0x00007ffd993a0000 - 0x00007ffd99452000 	C:\Windows\SYSTEM32\SHCORE.dll
0x00007ffd9e180000 - 0x00007ffd9e1b6000 	C:\Windows\system32\IMM32.DLL
0x00007ffd9dab0000 - 0x00007ffd9dc02000 	C:\Windows\system32\MSCTF.dll
0x00007ffd98ae0000 - 0x00007ffd98d5a000 	C:\Windows\WinSxS\amd64_microsoft.windows.common-controls_6595b64144ccf1df_6.0.9600.17810_none_6240b9c7ecbd0bda\COMCTL32.dll
0x00000000584f0000 - 0x00000000585c2000 	C:\Program Files\Java\jdk1.8.0_60\jre\bin\msvcr100.dll
0x0000000058c20000 - 0x00000000594a9000 	C:\Program Files\Java\jdk1.8.0_60\jre\bin\server\jvm.dll
0x00007ffd91490000 - 0x00007ffd91499000 	C:\Windows\SYSTEM32\WSOCK32.dll
0x00007ffd986d0000 - 0x00007ffd986f2000 	C:\Windows\SYSTEM32\WINMM.dll
0x00007ffd98700000 - 0x00007ffd9870a000 	C:\Windows\SYSTEM32\VERSION.dll
0x00007ffd9b9f0000 - 0x00007ffd9b9f7000 	C:\Windows\system32\PSAPI.DLL
0x00007ffd9dc10000 - 0x00007ffd9dc6a000 	C:\Windows\system32\WS2_32.dll
0x00007ffd985f0000 - 0x00007ffd9861a000 	C:\Windows\SYSTEM32\WINMMBASE.dll
0x00007ffd9dcd0000 - 0x00007ffd9dcd9000 	C:\Windows\system32\NSI.dll
0x00007ffd9b4f0000 - 0x00007ffd9b53f000 	C:\Windows\SYSTEM32\cfgmgr32.dll
0x00007ffd9a0f0000 - 0x00007ffd9a118000 	C:\Windows\SYSTEM32\DEVOBJ.dll
0x0000000058c10000 - 0x0000000058c1f000 	C:\Program Files\Java\jdk1.8.0_60\jre\bin\verify.dll
0x0000000058be0000 - 0x0000000058c09000 	C:\Program Files\Java\jdk1.8.0_60\jre\bin\java.dll
0x0000000058bc0000 - 0x0000000058bd6000 	C:\Program Files\Java\jdk1.8.0_60\jre\bin\zip.dll

VM Arguments:
jvm_args: -Djava.awt.headless=true -Xmx1024M -Dfile.encoding=windows-1252 -Duser.country=US -Duser.language=en -Duser.variant 
java_command: com.android.dx.command.Main --dex --force-jumbo --num-threads=4 --output C:\Users\eldi\Documents\GitHub\sellfish\app\build\intermediates\pre-dexed\debug\com.android.support-appcompat-v7-26.0.0-alpha1_5d165f1bc4f6a5809c2fc89c9a6edb5445dffef1.jar C:\Users\eldi\Documents\GitHub\sellfish\app\build\intermediates\exploded-aar\com.android.support\appcompat-v7\26.0.0-alpha1\jars\classes.jar
java_class_path (initial): C:\Users\eldi\AppData\Local\Android\sdk\build-tools\26.0.1\lib\dx.jar
Launcher Type: SUN_STANDARD

Environment Variables:
JAVA_HOME=C:\Program Files\Java\jdk1.8.0_60
PATH=C:\Program Files (x86)\Common Files\Intel\Shared Files\cpp\bin\Intel64;C:\ProgramData\Oracle\Java\javapath;C:\Windows\system32;C:\Windows;C:\Windows\System32\Wbem;C:\Windows\System32\WindowsPowerShell\v1.0\;C:\Program Files (x86)\ATI Technologies\ATI.ACE\Core-Static;C:\Program Files\Java\jdk1.8.0_60\bin;C:\Program Files\nodejs\;C:\Program Files\Microsoft SQL Server\Client SDK\ODBC\110\Tools\Binn\;C:\Program Files (x86)\Microsoft SQL Server\120\Tools\Binn\;C:\Program Files\Microsoft SQL Server\120\Tools\Binn\;C:\Program Files\Microsoft SQL Server\120\DTS\Binn\;C:\Program Files (x86)\Microsoft SQL Server\120\Tools\Binn\ManagementStudio\;C:\Program Files (x86)\Microsoft SQL Server\120\DTS\Binn\;C:\Program Files (x86)\QuickTime\QTSystem\;C:\Program Files\OpenVPN\bin;C:\Program Files (x86)\GtkSharp\2.12\bin;C:\ProgramData\ComposerSetup\bin;C:\xampp7\php;C:\Users\eldi\AppData\Roaming\npm;C:\Users\eldi\AppData\Local\GitHubDesktop\bin;C:\Users\eldi\AppData\Roaming\Composer\vendor\bin
USERNAME=eldi
OS=Windows_NT
PROCESSOR_IDENTIFIER=AMD64 Family 21 Model 48 Stepping 1, AuthenticAMD



---------------  S Y S T E M  ---------------

OS: Windows 8.1 , 64 bit Build 9600 (6.3.9600.17415)

CPU:total 4 (4 cores per cpu, 1 threads per core) family 21 model 48 stepping 1, cmov, cx8, fxsr, mmx, sse, sse2, sse3, ssse3, sse4.1, sse4.2, popcnt, avx, aes, clmul, mmxext, 3dnowpref, lzcnt, sse4a, tsc, tscinvbit, tscinv, bmi1

Memory: 4k page, physical 7268980k(1189528k free), swap 10414708k(5176k free)

vm_info: Java HotSpot(TM) 64-Bit Server VM (25.60-b23) for windows-amd64 JRE (1.8.0_60-b27), built on Aug  4 2015 11:06:27 by "java_re" with MS VC++ 10.0 (VS2010)

time: Fri Nov 17 07:31:27 2017
elapsed time: 20 seconds (0d 0h 0m 20s)

